<?xml version="1.0" encoding="UTF-8"?>
<!-- Generated by org.testng.reporters.JUnitXMLReporter -->
<testsuite ignored="0" hostname="Lenovo" failures="0" tests="4" name="Surefire test" time="66.097" errors="0" timestamp="2026-06-05T19:56:40 WIB">
  <testcase classname="com.example.InventoryTest" name="testAddToCartThreeItems" time="13.002"/>
  <testcase classname="com.example.InventoryTest" name="testInventoryItemCount" time="7.061"/>
  <testcase classname="com.example.InventoryTest" name="testInventoryItemDetails" time="6.88"/>
  <testcase classname="com.example.InventoryTest" name="testInventoryItemNamesAndPrices" time="6.574"/>
</testsuite> <!-- Surefire test -->
