<?xml version="1.0" encoding="UTF-8"?>
<!-- Generated by org.testng.reporters.JUnitXMLReporter -->
<testsuite ignored="0" hostname="Lenovo" failures="0" tests="5" name="Surefire test" time="101.254" errors="0" timestamp="2026-06-05T20:22:17 WIB">
  <testcase classname="com.example.InventoryTest" name="testAddToCartThreeItems" time="20.961"/>
  <testcase classname="com.example.InventoryTest" name="testAddToCartTwoCheapestItems" time="8.349"/>
  <testcase classname="com.example.InventoryTest" name="testInventoryItemCount" time="6.985"/>
  <testcase classname="com.example.InventoryTest" name="testInventoryItemDetails" time="7.411"/>
  <testcase classname="com.example.InventoryTest" name="testInventoryItemNamesAndPrices" time="7.148"/>
</testsuite> <!-- Surefire test -->
