<?xml version="1.0" encoding="UTF-8"?>
<testsuite xmlns:xsi="http://www.w3.org/2001/XMLSchema-instance" xsi:noNamespaceSchemaLocation="https://maven.apache.org/surefire/maven-surefire-plugin/xsd/surefire-test-report-3.0.xsd" version="3.0" name="com.example.LoginTest" time="35.621" tests="6" errors="0" skipped="0" failures="0">
  <properties>
[...]
</properties>
  <testcase name="testLoginWithInvalidCredentials[standard_user, 123456, Username and password do not match any user in this service.](1)" classname="com.example.LoginTest" time="7.497">
    <system-out><![CDATA[Test Login dengan username: 'standard_user' dan password: '123456' berhasil memicu error: 'Username and password do not match any user in this service.'
]]></system-out>
    <system-err><![CDATA[SLF4J(W): No SLF4J providers were found.
SLF4J(W): Defaulting to no-operation (NOP) logger implementation
SLF4J(W): See https://www.slf4j.org/codes.html#noProviders for further details.
]]></system-err>
  </testcase>
  <testcase name="testLoginWithInvalidCredentials[locked_out_user, secret_sauce, Sorry, this user has been locked out.](2)" classname="com.example.LoginTest" time="3.092">
    <system-out><![CDATA[Test Login dengan username: 'locked_out_user' dan password: 'secret_sauce' berhasil memicu error: 'Sorry, this user has been locked out.'
]]></system-out>
  </testcase>
  <testcase name="testLoginWithInvalidCredentials[invalid_user, secret_sauce, Username and password do not match any user in this service.](3)" classname="com.example.LoginTest" time="3.492">
    <system-out><![CDATA[Test Login dengan username: 'invalid_user' dan password: 'secret_sauce' berhasil memicu error: 'Username and password do not match any user in this service.'
]]></system-out>
  </testcase>
  <testcase name="testLoginWithInvalidCredentials[, secret_sauce, Username is required](4)" classname="com.example.LoginTest" time="3.4">
    <system-out><![CDATA[Test Login dengan username: '' dan password: 'secret_sauce' berhasil memicu error: 'Username is required'
]]></system-out>
  </testcase>
  <testcase name="testLoginWithInvalidCredentials[standard_user, , Password is required](5)" classname="com.example.LoginTest" time="3.871">
    <system-out><![CDATA[Test Login dengan username: 'standard_user' dan password: '' berhasil memicu error: 'Password is required'
]]></system-out>
  </testcase>
  <testcase name="testLoginWithValidCredentials" classname="com.example.LoginTest" time="4.083">
    <system-out><![CDATA[Test Login dengan kredensial valid berhasil
]]></system-out>
  </testcase>
</testsuite>