<?xml version="1.0" encoding="UTF-8"?>
<testng-results ignored="0" total="6" passed="6" failed="0" skipped="0">
  <reporter-output>
  </reporter-output>
  <suite started-at="2026-06-04T20:25:11 WIB" name="Surefire suite" finished-at="2026-06-04T20:25:46 WIB" duration-ms="35128">
    <groups>
    </groups>
    <test started-at="2026-06-04T20:25:11 WIB" name="Surefire test" finished-at="2026-06-04T20:25:46 WIB" duration-ms="35128">
      <class name="com.example.LoginTest">
        <test-method is-config="true" signature="setUp()[pri:0, instance:com.example.LoginTest@3c22fc4c]" started-at="2026-06-04T20:25:11 WIB" name="setUp" finished-at="2026-06-04T20:25:20 WIB" duration-ms="9265" status="PASS">
          <reporter-output>
          </reporter-output>
        </test-method> <!-- setUp -->
        <test-method signature="testLoginWithInvalidCredentials(java.lang.String,java.lang.String,java.lang.String)[pri:0, instance:com.example.LoginTest@3c22fc4c]" started-at="2026-06-04T20:25:20 WIB" name="testLoginWithInvalidCredentials" description="Testing fitur login dengan username dan password yang tidak valid" data-provider="loginNegativeData" finished-at="2026-06-04T20:25:28 WIB" duration-ms="7498" status="PASS">
          <params>
            <param index="0">
              <value>
                <![CDATA[standard_user]]>
              </value>
            </param>
            <param index="1">
              <value>
                <![CDATA[123456]]>
              </value>
            </param>
            <param index="2">
              <value>
                <![CDATA[Username and password do not match any user in this service.]]>
              </value>
            </param>
          </params>
          <reporter-output>
          </reporter-output>
        </test-method> <!-- testLoginWithInvalidCredentials -->
        <test-method signature="testLoginWithInvalidCredentials(java.lang.String,java.lang.String,java.lang.String)[pri:0, instance:com.example.LoginTest@3c22fc4c]" started-at="2026-06-04T20:25:28 WIB" name="testLoginWithInvalidCredentials" description="Testing fitur login dengan username dan password yang tidak valid" data-provider="loginNegativeData" finished-at="2026-06-04T20:25:31 WIB" duration-ms="3093" status="PASS">
          <params>
            <param index="0">
              <value>
                <![CDATA[locked_out_user]]>
              </value>
            </param>
            <param index="1">
              <value>
                <![CDATA[secret_sauce]]>
              </value>
            </param>
            <param index="2">
              <value>
                <![CDATA[Sorry, this user has been locked out.]]>
              </value>
            </param>
          </params>
          <reporter-output>
          </reporter-output>
        </test-method> <!-- testLoginWithInvalidCredentials -->
        <test-method signature="testLoginWithInvalidCredentials(java.lang.String,java.lang.String,java.lang.String)[pri:0, instance:com.example.LoginTest@3c22fc4c]" started-at="2026-06-04T20:25:31 WIB" name="testLoginWithInvalidCredentials" description="Testing fitur login dengan username dan password yang tidak valid" data-provider="loginNegativeData" finished-at="2026-06-04T20:25:35 WIB" duration-ms="3494" status="PASS">
          <params>
            <param index="0">
              <value>
                <![CDATA[invalid_user]]>
              </value>
            </param>
            <param index="1">
              <value>
                <![CDATA[secret_sauce]]>
              </value>
            </param>
            <param index="2">
              <value>
                <![CDATA[Username and password do not match any user in this service.]]>
              </value>
            </param>
          </params>
          <reporter-output>
          </reporter-output>
        </test-method> <!-- testLoginWithInvalidCredentials -->
        <test-method signature="testLoginWithInvalidCredentials(java.lang.String,java.lang.String,java.lang.String)[pri:0, instance:com.example.LoginTest@3c22fc4c]" started-at="2026-06-04T20:25:35 WIB" name="testLoginWithInvalidCredentials" description="Testing fitur login dengan username dan password yang tidak valid" data-provider="loginNegativeData" finished-at="2026-06-04T20:25:38 WIB" duration-ms="3399" status="PASS">
          <params>
            <param index="0">
              <value>
                <![CDATA[]]>
              </value>
            </param>
            <param index="1">
              <value>
                <![CDATA[secret_sauce]]>
              </value>
            </param>
            <param index="2">
              <value>
                <![CDATA[Username is required]]>
              </value>
            </param>
          </params>
          <reporter-output>
          </reporter-output>
        </test-method> <!-- testLoginWithInvalidCredentials -->
        <test-method signature="testLoginWithInvalidCredentials(java.lang.String,java.lang.String,java.lang.String)[pri:0, instance:com.example.LoginTest@3c22fc4c]" started-at="2026-06-04T20:25:38 WIB" name="testLoginWithInvalidCredentials" description="Testing fitur login dengan username dan password yang tidak valid" data-provider="loginNegativeData" finished-at="2026-06-04T20:25:42 WIB" duration-ms="3866" status="PASS">
          <params>
            <param index="0">
              <value>
                <![CDATA[standard_user]]>
              </value>
            </param>
            <param index="1">
              <value>
                <![CDATA[]]>
              </value>
            </param>
            <param index="2">
              <value>
                <![CDATA[Password is required]]>
              </value>
            </param>
          </params>
          <reporter-output>
          </reporter-output>
        </test-method> <!-- testLoginWithInvalidCredentials -->
        <test-method signature="testLoginWithValidCredentials()[pri:0, instance:com.example.LoginTest@3c22fc4c]" started-at="2026-06-04T20:25:42 WIB" name="testLoginWithValidCredentials" description="Testing fitur login dengan username dan password yang valid" finished-at="2026-06-04T20:25:46 WIB" duration-ms="4085" status="PASS">
          <reporter-output>
          </reporter-output>
        </test-method> <!-- testLoginWithValidCredentials -->
        <test-method is-config="true" signature="tearDown()[pri:0, instance:com.example.LoginTest@3c22fc4c]" started-at="2026-06-04T20:25:46 WIB" name="tearDown" finished-at="2026-06-04T20:25:46 WIB" duration-ms="349" status="PASS">
          <reporter-output>
          </reporter-output>
        </test-method> <!-- tearDown -->
      </class> <!-- com.example.LoginTest -->
    </test> <!-- Surefire test -->
  </suite> <!-- Surefire suite -->
</testng-results>
