<?xml version="1.0" encoding="UTF-8"?>
<!-- Generated by org.testng.reporters.JUnitReportReporter -->
<testsuite hostname="Lenovo" failures="0" tests="5" name="com.example.InventoryTest" time="101.168" errors="0" timestamp="2026-06-05T20:22:17 WIB" skipped="0">
  <testcase classname="com.example.InventoryTest" name="testInventoryItemCount" time="16.490"/>
  <testcase classname="com.example.InventoryTest" name="testAddToCartThreeItems" time="29.696"/>
  <testcase classname="com.example.InventoryTest" name="testAddToCartTwoCheapestItems" time="23.033"/>
  <testcase classname="com.example.InventoryTest" name="testInventoryItemNamesAndPrices" time="15.478"/>
  <testcase classname="com.example.InventoryTest" name="testInventoryItemDetails" time="16.471"/>
</testsuite> <!-- com.example.InventoryTest -->
