<?xml version="1.0" encoding="UTF-8"?>
<!-- Generated by org.testng.reporters.JUnitReportReporter -->
<testsuite hostname="Lenovo" failures="0" tests="6" name="com.example.LoginTest" time="25.435" errors="0" timestamp="2026-06-04T20:25:46 WIB" skipped="0">
  <testcase classname="com.example.LoginTest" name="testLoginWithInvalidCredentials" time="7.498"/>
  <testcase classname="com.example.LoginTest" name="testLoginWithInvalidCredentials" time="3.093"/>
  <testcase classname="com.example.LoginTest" name="testLoginWithInvalidCredentials" time="3.399"/>
  <testcase classname="com.example.LoginTest" name="testLoginWithInvalidCredentials" time="3.494"/>
  <testcase classname="com.example.LoginTest" name="testLoginWithInvalidCredentials" time="3.866"/>
  <testcase classname="com.example.LoginTest" name="testLoginWithValidCredentials" time="4.085"/>
</testsuite> <!-- com.example.LoginTest -->
