<?xml version="1.0" encoding="UTF-8"?>
<!-- Generated by org.testng.reporters.JUnitReportReporter -->
<testsuite hostname="Lenovo" failures="0" tests="2" name="com.example.InventoryTest" time="62.481" errors="0" timestamp="2026-06-04T21:24:02 WIB" skipped="0">
  <testcase classname="com.example.InventoryTest" name="testAddToCartThreeItems" time="45.802"/>
  <testcase classname="com.example.InventoryTest" name="testInventoryItemDetails" time="16.679"/>
</testsuite> <!-- com.example.InventoryTest -->
